Flutter crash report; please file at https://github.com/flutter/flutter/issues.

## command

flutter --quiet assemble --depfile C:\Users\Shreyash\Documents\sorted_app\build\app\intermediates\flutter\debug/flutter_build.d --output C:\Users\Shreyash\Documents\sorted_app\build\app\intermediates\flutter\debug -dTargetFile=C:\Users\Shreyash\Documents\sorted_app\lib\main.dart -dTargetPlatform=android -dBuildMode=debug debug_android_application

## exception

ProcessException: ProcessException: Access is denied.

  Command: "C:\Program Files\Git\cmd\git.EXE" -c log.showSignature=false log -n 1 --pretty=format:%ad --date=iso

```
#0      _ProcessImpl._runAndWait (dart:io-patch/process_patch.dart:498:7)
#1      _runNonInteractiveProcessSync (dart:io-patch/process_patch.dart:640:18)
#2      Process.runSync (dart:io-patch/process_patch.dart:68:12)
#3      LocalProcessManager.runSync (package:process/src/interface/local_process_manager.dart:93:20)
#4      _runSync (package:flutter_tools/src/version.dart:628:56)
#5      FlutterVersion._latestGitCommitDate (package:flutter_tools/src/version.dart:205:14)
#6      FlutterVersion.checkFlutterVersionFreshness (package:flutter_tools/src/version.dart:376:49)
#7      FlutterCommandRunner.runCommand.<anonymous closure> (package:flutter_tools/src/runner/flutter_command_runner.dart:313:40)
<asynchronous suspension>
#8      FlutterCommandRunner.runCommand.<anonymous closure> (package:flutter_tools/src/runner/flutter_command_runner.dart)
#9      AppContext.run.<anonymous closure> (package:flutter_tools/src/base/context.dart:150:29)
#10     _rootRun (dart:async/zone.dart:1126:13)
#11     _CustomZone.run (dart:async/zone.dart:1023:19)
#12     _runZoned (dart:async/zone.dart:1518:10)
#13     runZoned (dart:async/zone.dart:1465:12)
#14     AppContext.run (package:flutter_tools/src/base/context.dart:149:18)
#15     FlutterCommandRunner.runCommand (package:flutter_tools/src/runner/flutter_command_runner.dart:288:19)
#16     CommandRunner.run.<anonymous closure> (package:args/command_runner.dart:112:25)
#17     new Future.sync (dart:async/future.dart:224:31)
#18     CommandRunner.run (package:args/command_runner.dart:112:14)
#19     FlutterCommandRunner.run (package:flutter_tools/src/runner/flutter_command_runner.dart:231:18)
#20     run.<anonymous closure>.<anonymous closure> (package:flutter_tools/runner.dart:63:22)
#21     _rootRun (dart:async/zone.dart:1126:13)
#22     _CustomZone.run (dart:async/zone.dart:1023:19)
#23     _runZoned (dart:async/zone.dart:1518:10)
#24     runZoned (dart:async/zone.dart:1502:12)
#25     run.<anonymous closure> (package:flutter_tools/runner.dart:61:18)
<asynchronous suspension>
#26     run.<anonymous closure> (package:flutter_tools/runner.dart)
#27     runInContext.runnerWrapper (package:flutter_tools/src/context_runner.dart:69:18)
<asynchronous suspension>
#28     runInContext.runnerWrapper (package:flutter_tools/src/context_runner.dart)
#29     AppContext.run.<anonymous closure> (package:flutter_tools/src/base/context.dart:150:29)
#30     _rootRun (dart:async/zone.dart:1126:13)
#31     _CustomZone.run (dart:async/zone.dart:1023:19)
#32     _runZoned (dart:async/zone.dart:1518:10)
#33     runZoned (dart:async/zone.dart:1465:12)
#34     AppContext.run (package:flutter_tools/src/base/context.dart:149:18)
#35     runInContext (package:flutter_tools/src/context_runner.dart:72:24)
#36     run (package:flutter_tools/runner.dart:50:10)
<asynchronous suspension>
#37     main (package:flutter_tools/executable.dart:69:9)
#38     main (file:///C:/Users/Shreyash/flutter/packages/flutter_tools/bin/flutter_tools.dart:8:3)
#39     _startIsolate.<anonymous closure> (dart:isolate-patch/isolate_patch.dart:299:32)
#40     _RawReceivePortImpl._handleMessage (dart:isolate-patch/isolate_patch.dart:168:12)
```

## flutter doctor

```
[✓] Flutter (Channel beta, v1.15.17, on Microsoft Windows [Version 10.0.18362.720], locale en-IN)
    • Flutter version 1.15.17 at C:\Users\Shreyash\flutter
    • Framework revision 2294d75bfa (4 weeks ago), 2020-03-07 00:28:38 +0900
    • Engine revision 5aff311948
    • Dart version 2.8.0 (build 2.8.0-dev.12.0 9983424a3c)

[!] Android toolchain - develop for Android devices (Android SDK version 29.0.0)
    • Android SDK at C:\Users\Shreyash\AppData\Local\Android\sdk
    • Android NDK location not configured (optional; useful for native profiling support)
    • Platform android-29, build-tools 29.0.0
    • Java binary at: C:\Program Files\Android\Android Studio\jre\bin\java
    • Java version OpenJDK Runtime Environment (build 1.8.0_212-release-1586-b04)
    ! Some Android licenses not accepted.  To resolve this, run: flutter doctor --android-licenses

[✓] Android Studio (version 3.6)
    • Android Studio at C:\Program Files\Android\Android Studio
    • Flutter plugin version 44.0.2
    • Dart plugin version 192.7761
    • Java version OpenJDK Runtime Environment (build 1.8.0_212-release-1586-b04)

[!] VS Code (version 1.43.1)
    • VS Code at C:\Users\Shreyash\AppData\Local\Programs\Microsoft VS Code
    ✗ Flutter extension not installed; install from
      https://marketplace.visualstudio.com/items?itemName=Dart-Code.flutter

[✓] Connected device (1 available)
    • POCO F1 • 3da4ce3a • android-arm64 • Android 10 (API 29)

! Doctor found issues in 2 categories.
```
