Flutter crash report; please file at https://github.com/flutter/flutter/issues.

## command

flutter --no-color run --machine --track-widget-creation --device-id=3da4ce3a lib\main.dart

## exception

ProcessException: ProcessException: Access is denied.

  Command: cmd.exe /c ver

```
#0      _ProcessImpl._runAndWait (dart:io-patch/process_patch.dart:498:7)
#1      _runNonInteractiveProcessSync (dart:io-patch/process_patch.dart:640:18)
#2      Process.runSync (dart:io-patch/process_patch.dart:68:12)
#3      LocalProcessManager.runSync (package:process/src/interface/local_process_manager.dart:93:20)
#4      _WindowsUtils.name (package:flutter_tools/src/base/os.dart:389:52)
#5      new _DefaultUsage (package:flutter_tools/src/reporting/usage.dart:208:18)
#6      new Usage (package:flutter_tools/src/reporting/usage.dart:80:9)
#7      runInContext.<anonymous closure> (package:flutter_tools/src/context_runner.dart:181:20)
#8      AppContext._generateIfNecessary.<anonymous closure> (package:flutter_tools/src/base/context.dart:104:41)
#9      _LinkedHashMapMixin.putIfAbsent (dart:collection-patch/compact_hash.dart:293:23)
#10     AppContext._generateIfNecessary (package:flutter_tools/src/base/context.dart:92:20)
#11     AppContext.get (package:flutter_tools/src/base/context.dart:121:32)
#12     AppContext.get (package:flutter_tools/src/base/context.dart:119:23)
#13     AppContext.get (package:flutter_tools/src/base/context.dart:119:23)
#14     Usage.instance (package:flutter_tools/src/reporting/usage.dart:87:40)
#15     flutterUsage (package:flutter_tools/src/reporting/usage.dart:69:33)
#16     FlutterCommand.run.<anonymous closure> (package:flutter_tools/src/runner/flutter_command.dart:604:9)
#17     AppContext.run.<anonymous closure> (package:flutter_tools/src/base/context.dart:150:29)
#18     _rootRun (dart:async/zone.dart:1126:13)
#19     _CustomZone.run (dart:async/zone.dart:1023:19)
#20     _runZoned (dart:async/zone.dart:1518:10)
#21     runZoned (dart:async/zone.dart:1465:12)
#22     AppContext.run (package:flutter_tools/src/base/context.dart:149:18)
#23     FlutterCommand.run (package:flutter_tools/src/runner/flutter_command.dart:599:20)
#24     CommandRunner.runCommand (package:args/command_runner.dart:197:27)
#25     FlutterCommandRunner.runCommand.<anonymous closure> (package:flutter_tools/src/runner/flutter_command_runner.dart:338:21)
<asynchronous suspension>
#26     FlutterCommandRunner.runCommand.<anonymous closure> (package:flutter_tools/src/runner/flutter_command_runner.dart)
#27     AppContext.run.<anonymous closure> (package:flutter_tools/src/base/context.dart:150:29)
#28     _rootRun (dart:async/zone.dart:1126:13)
#29     _CustomZone.run (dart:async/zone.dart:1023:19)
#30     _runZoned (dart:async/zone.dart:1518:10)
#31     runZoned (dart:async/zone.dart:1465:12)
#32     AppContext.run (package:flutter_tools/src/base/context.dart:149:18)
#33     FlutterCommandRunner.runCommand (package:flutter_tools/src/runner/flutter_command_runner.dart:288:19)
#34     CommandRunner.run.<anonymous closure> (package:args/command_runner.dart:112:25)
#35     new Future.sync (dart:async/future.dart:224:31)
#36     CommandRunner.run (package:args/command_runner.dart:112:14)
#37     FlutterCommandRunner.run (package:flutter_tools/src/runner/flutter_command_runner.dart:231:18)
#38     run.<anonymous closure>.<anonymous closure> (package:flutter_tools/runner.dart:63:22)
#39     _rootRun (dart:async/zone.dart:1126:13)
#40     _CustomZone.run (dart:async/zone.dart:1023:19)
#41     _runZoned (dart:async/zone.dart:1518:10)
#42     runZoned (dart:async/zone.dart:1502:12)
#43     run.<anonymous closure> (package:flutter_tools/runner.dart:61:18)
<asynchronous suspension>
#44     run.<anonymous closure> (package:flutter_tools/runner.dart)
#45     runInContext.runnerWrapper (package:flutter_tools/src/context_runner.dart:69:18)
<asynchronous suspension>
#46     runInContext.runnerWrapper (package:flutter_tools/src/context_runner.dart)
#47     AppContext.run.<anonymous closure> (package:flutter_tools/src/base/context.dart:150:29)
#48     _rootRun (dart:async/zone.dart:1126:13)
#49     _CustomZone.run (dart:async/zone.dart:1023:19)
#50     _runZoned (dart:async/zone.dart:1518:10)
#51     runZoned (dart:async/zone.dart:1465:12)
#52     AppContext.run (package:flutter_tools/src/base/context.dart:149:18)
#53     runInContext (package:flutter_tools/src/context_runner.dart:72:24)
#54     run (package:flutter_tools/runner.dart:50:10)
<asynchronous suspension>
#55     main (package:flutter_tools/executable.dart:69:9)
#56     main (file:///C:/Users/Shreyash/flutter/packages/flutter_tools/bin/flutter_tools.dart:8:3)
#57     _startIsolate.<anonymous closure> (dart:isolate-patch/isolate_patch.dart:299:32)
#58     _RawReceivePortImpl._handleMessage (dart:isolate-patch/isolate_patch.dart:168:12)
```

## flutter doctor

```
[✓] Flutter (Channel beta, v1.15.17, on Microsoft Windows [Version 10.0.18362.720], locale en-IN)
    • Flutter version 1.15.17 at C:\Users\Shreyash\flutter
    • Framework revision 2294d75bfa (4 weeks ago), 2020-03-07 00:28:38 +0900
    • Engine revision 5aff311948
    • Dart version 2.8.0 (build 2.8.0-dev.12.0 9983424a3c)

[!] Android toolchain - develop for Android devices (Android SDK version 29.0.0)
    • Android SDK at C:\Users\Shreyash\AppData\Local\Android\sdk
    • Android NDK location not configured (optional; useful for native profiling support)
    • Platform android-29, build-tools 29.0.0
    • Java binary at: C:\Program Files\Android\Android Studio\jre\bin\java
    • Java version OpenJDK Runtime Environment (build 1.8.0_212-release-1586-b04)
    ! Some Android licenses not accepted.  To resolve this, run: flutter doctor --android-licenses

[✓] Android Studio (version 3.6)
    • Android Studio at C:\Program Files\Android\Android Studio
    • Flutter plugin version 44.0.2
    • Dart plugin version 192.7761
    • Java version OpenJDK Runtime Environment (build 1.8.0_212-release-1586-b04)

[!] VS Code (version 1.43.1)
    • VS Code at C:\Users\Shreyash\AppData\Local\Programs\Microsoft VS Code
    ✗ Flutter extension not installed; install from
      https://marketplace.visualstudio.com/items?itemName=Dart-Code.flutter

[✓] Connected device (1 available)
    • POCO F1 • 3da4ce3a • android-arm64 • Android 10 (API 29)

! Doctor found issues in 2 categories.
```
